<?xml version="1.0" encoding="UTF-8"?>
<!-- Generated by org.testng.reporters.JUnitReportReporter -->
<testsuite hostname="urs-PC" name="Fetchitems" tests="2" failures="0" timestamp="25 Jun 2013 08:31:06 GMT" time="16.289" errors="0">
  <testcase name="fin" time="16.258" classname="Fetchitems"/>
  <testcase name="NewTest" time="0.031" classname="Fetchitems"/>
</testsuite> <!-- Fetchitems -->
